>>> start to training
MP-T Epoch [1/1000], Loss: 3.3579, running time: 0:01:27.8
MP-T Epoch [2/1000], Loss: 3.3624, running time: 0:00:26.7
MP-T Epoch [3/1000], Loss: 3.4647, running time: 0:00:26.7
MP-T Epoch [4/1000], Loss: 3.4647, running time: 0:00:26.9
MP-T Epoch [5/1000], Loss: 3.4647, running time: 0:00:26.7
MP-T Epoch [6/1000], Loss: 3.4647, running time: 0:00:26.8
MP-T Epoch [7/1000], Loss: 3.4647, running time: 0:00:26.5
MP-T Epoch [8/1000], Loss: 3.4647, running time: 0:00:27.1
MP-T Epoch [9/1000], Loss: 3.4647, running time: 0:00:27.0
MP-T Epoch [10/1000], Loss: 3.4647, running time: 0:00:27.0
record checkpoint at: /exafs1/well/rittscher/users/lec468/PanoPath-Project/st-he/models/CLIP_CtxI-ViT16-224-h4_d3_CtxI-ViT16-224-h4_d3[10]2024-05-23.pth
MP-T Epoch [11/1000], Loss: 3.4647, running time: 0:00:26.6
MP-T Epoch [12/1000], Loss: 3.4647, running time: 0:00:27.1
MP-T Epoch [13/1000], Loss: 3.4647, running time: 0:00:26.7
MP-T Epoch [14/1000], Loss: 3.4647, running time: 0:00:26.2
MP-T Epoch [15/1000], Loss: 3.4647, running time: 0:00:26.9
MP-T Epoch [16/1000], Loss: 3.4647, running time: 0:00:26.8
MP-T Epoch [17/1000], Loss: 3.4647, running time: 0:00:26.8
MP-T Epoch [18/1000], Loss: 3.4647, running time: 0:00:26.9
MP-T Epoch [19/1000], Loss: 3.4647, running time: 0:00:26.4
MP-T Epoch [20/1000], Loss: 3.4647, running time: 0:00:26.5
MP-T Epoch [21/1000], Loss: 3.4647, running time: 0:00:26.9
MP-T Epoch [22/1000], Loss: 3.4647, running time: 0:00:27.0
MP-T Epoch [23/1000], Loss: 3.4647, running time: 0:00:26.6
MP-T Epoch [24/1000], Loss: 3.4647, running time: 0:00:26.6
MP-T Epoch [25/1000], Loss: 3.4647, running time: 0:00:26.4
MP-T Epoch [26/1000], Loss: 3.4647, running time: 0:00:26.6
MP-T Epoch [27/1000], Loss: 3.4647, running time: 0:00:26.2
MP-T Epoch [28/1000], Loss: 3.4647, running time: 0:00:27.0
MP-T Epoch [29/1000], Loss: 3.4647, running time: 0:00:26.8
MP-T Epoch [30/1000], Loss: 3.4647, running time: 0:00:27.1
MP-T Epoch [31/1000], Loss: 3.4647, running time: 0:00:26.7
MP-T Epoch [32/1000], Loss: 3.4647, running time: 0:00:26.6
MP-T Epoch [33/1000], Loss: 3.4647, running time: 0:00:26.8
MP-T Epoch [34/1000], Loss: 3.4647, running time: 0:00:26.4
MP-T Epoch [35/1000], Loss: 3.4647, running time: 0:00:26.7
MP-T Epoch [36/1000], Loss: 3.4647, running time: 0:00:26.5
MP-T Epoch [37/1000], Loss: 3.4647, running time: 0:00:26.7
MP-T Epoch [38/1000], Loss: 3.4647, running time: 0:00:26.7
MP-T Epoch [39/1000], Loss: 3.4647, running time: 0:00:26.7
MP-T Epoch [40/1000], Loss: 3.4647, running time: 0:00:26.7
MP-T Epoch [41/1000], Loss: 3.4647, running time: 0:00:26.7
MP-T Epoch [42/1000], Loss: 3.4647, running time: 0:00:26.8
MP-T Epoch [43/1000], Loss: 3.4647, running time: 0:00:26.4
MP-T Epoch [44/1000], Loss: 3.4647, running time: 0:00:26.8
MP-T Epoch [45/1000], Loss: 3.4647, running time: 0:00:26.6
MP-T Epoch [46/1000], Loss: 3.4647, running time: 0:00:26.8
MP-T Epoch [47/1000], Loss: 3.4647, running time: 0:00:26.9
MP-T Epoch [48/1000], Loss: 3.4647, running time: 0:00:26.9
MP-T Epoch [49/1000], Loss: 3.4647, running time: 0:00:26.8
MP-T Epoch [50/1000], Loss: 3.4647, running time: 0:00:26.7
MP-T Epoch [51/1000], Loss: 3.4647, running time: 0:00:26.4
MP-T Epoch [52/1000], Loss: 3.4647, running time: 0:00:26.7
MP-T Epoch [53/1000], Loss: 3.4647, running time: 0:00:26.8
MP-T Epoch [54/1000], Loss: 3.4647, running time: 0:00:26.7
MP-T Epoch [55/1000], Loss: 3.4647, running time: 0:00:26.6
MP-T Epoch [56/1000], Loss: 3.4647, running time: 0:00:26.3
MP-T Epoch [57/1000], Loss: 3.4647, running time: 0:00:27.0
MP-T Epoch [58/1000], Loss: 3.4647, running time: 0:00:26.7
MP-T Epoch [59/1000], Loss: 3.4647, running time: 0:00:26.7
MP-T Epoch [60/1000], Loss: 3.4647, running time: 0:00:27.0
MP-T Epoch [61/1000], Loss: 3.4647, running time: 0:00:27.1
MP-T Epoch [62/1000], Loss: 3.4647, running time: 0:00:26.8
MP-T Epoch [63/1000], Loss: 3.4647, running time: 0:00:26.9
MP-T Epoch [64/1000], Loss: 3.4647, running time: 0:00:26.5
MP-T Epoch [65/1000], Loss: 3.4647, running time: 0:00:26.9
MP-T Epoch [66/1000], Loss: 3.4647, running time: 0:00:26.7
MP-T Epoch [67/1000], Loss: 3.4647, running time: 0:00:26.7
MP-T Epoch [68/1000], Loss: 3.4647, running time: 0:00:26.9
MP-T Epoch [69/1000], Loss: 3.4647, running time: 0:00:26.7
MP-T Epoch [70/1000], Loss: 3.4647, running time: 0:00:27.0
MP-T Epoch [71/1000], Loss: 3.4647, running time: 0:00:26.5
MP-T Epoch [72/1000], Loss: 3.4647, running time: 0:00:26.4
MP-T Epoch [73/1000], Loss: 3.4647, running time: 0:00:26.3
MP-T Epoch [74/1000], Loss: 3.4647, running time: 0:00:26.7
MP-T Epoch [75/1000], Loss: 3.4647, running time: 0:00:27.0
MP-T Epoch [76/1000], Loss: 3.4647, running time: 0:00:26.4
MP-T Epoch [77/1000], Loss: 3.4647, running time: 0:00:26.5
MP-T Epoch [78/1000], Loss: 3.4647, running time: 0:00:26.6
MP-T Epoch [79/1000], Loss: 3.4647, running time: 0:00:26.4
MP-T Epoch [80/1000], Loss: 3.4647, running time: 0:00:26.6
MP-T Epoch [81/1000], Loss: 3.4647, running time: 0:00:26.7
MP-T Epoch [82/1000], Loss: 3.4647, running time: 0:00:26.9
MP-T Epoch [83/1000], Loss: 3.4647, running time: 0:00:26.5
MP-T Epoch [84/1000], Loss: 3.4647, running time: 0:00:26.6
MP-T Epoch [85/1000], Loss: 3.4647, running time: 0:00:26.8
MP-T Epoch [86/1000], Loss: 3.4647, running time: 0:00:26.8
MP-T Epoch [87/1000], Loss: 3.4647, running time: 0:00:26.5
MP-T Epoch [88/1000], Loss: 3.4647, running time: 0:00:26.9
MP-T Epoch [89/1000], Loss: 3.4647, running time: 0:00:26.7
MP-T Epoch [90/1000], Loss: 3.4647, running time: 0:00:26.9
MP-T Epoch [91/1000], Loss: 3.4647, running time: 0:00:26.7
MP-T Epoch [92/1000], Loss: 3.4647, running time: 0:00:26.6
MP-T Epoch [93/1000], Loss: 3.4647, running time: 0:00:26.3
MP-T Epoch [94/1000], Loss: 3.4647, running time: 0:00:26.6
MP-T Epoch [95/1000], Loss: 3.4647, running time: 0:00:26.8
MP-T Epoch [96/1000], Loss: 3.4647, running time: 0:00:26.3
MP-T Epoch [97/1000], Loss: 3.4647, running time: 0:00:26.8
MP-T Epoch [98/1000], Loss: 3.4647, running time: 0:00:26.3
MP-T Epoch [99/1000], Loss: 3.4647, running time: 0:00:26.9
MP-T Epoch [100/1000], Loss: 3.4647, running time: 0:00:27.0
record checkpoint at: /exafs1/well/rittscher/users/lec468/PanoPath-Project/st-he/models/CLIP_CtxI-ViT16-224-h4_d3_CtxI-ViT16-224-h4_d3[10]2024-05-23[100]2024-05-23.pth
MP-T Epoch [101/1000], Loss: 3.4647, running time: 0:00:26.7
MP-T Epoch [102/1000], Loss: 3.4647, running time: 0:00:26.9
MP-T Epoch [103/1000], Loss: 3.4647, running time: 0:00:26.9
MP-T Epoch [104/1000], Loss: 3.4647, running time: 0:00:26.9
MP-T Epoch [105/1000], Loss: 3.4647, running time: 0:00:26.8
MP-T Epoch [106/1000], Loss: 3.4647, running time: 0:00:26.7
MP-T Epoch [107/1000], Loss: 3.4647, running time: 0:00:26.6
MP-T Epoch [108/1000], Loss: 3.4647, running time: 0:00:26.7
MP-T Epoch [109/1000], Loss: 3.4647, running time: 0:00:26.5
MP-T Epoch [110/1000], Loss: 3.4647, running time: 0:00:26.8
MP-T Epoch [111/1000], Loss: 3.4647, running time: 0:00:26.9
MP-T Epoch [112/1000], Loss: 3.4647, running time: 0:00:26.6
MP-T Epoch [113/1000], Loss: 3.4647, running time: 0:00:26.8
MP-T Epoch [114/1000], Loss: 3.4647, running time: 0:00:26.7
MP-T Epoch [115/1000], Loss: 3.4647, running time: 0:00:26.5
MP-T Epoch [116/1000], Loss: 3.4647, running time: 0:00:26.9
MP-T Epoch [117/1000], Loss: 3.4647, running time: 0:00:26.7
MP-T Epoch [118/1000], Loss: 3.4647, running time: 0:00:26.7
MP-T Epoch [119/1000], Loss: 3.4647, running time: 0:00:26.7
MP-T Epoch [120/1000], Loss: 3.4647, running time: 0:00:26.5
MP-T Epoch [121/1000], Loss: 3.4647, running time: 0:00:26.7
MP-T Epoch [122/1000], Loss: 3.4647, running time: 0:00:26.5
MP-T Epoch [123/1000], Loss: 3.4647, running time: 0:00:26.6
MP-T Epoch [124/1000], Loss: 3.4647, running time: 0:00:27.1
MP-T Epoch [125/1000], Loss: 3.4647, running time: 0:00:26.8
MP-T Epoch [126/1000], Loss: 3.4647, running time: 0:00:26.6
MP-T Epoch [127/1000], Loss: 3.4647, running time: 0:00:26.8
MP-T Epoch [128/1000], Loss: 3.4647, running time: 0:00:27.3
MP-T Epoch [129/1000], Loss: 3.4647, running time: 0:00:27.0
MP-T Epoch [130/1000], Loss: 3.4647, running time: 0:00:26.7
MP-T Epoch [131/1000], Loss: 3.4647, running time: 0:00:26.9
MP-T Epoch [132/1000], Loss: 3.4647, running time: 0:00:26.8
MP-T Epoch [133/1000], Loss: 3.4647, running time: 0:00:26.7
MP-T Epoch [134/1000], Loss: 3.4647, running time: 0:00:26.9
MP-T Epoch [135/1000], Loss: 3.4647, running time: 0:00:27.1
MP-T Epoch [136/1000], Loss: 3.4647, running time: 0:00:26.7
MP-T Epoch [137/1000], Loss: 3.4647, running time: 0:00:26.4
MP-T Epoch [138/1000], Loss: 3.4647, running time: 0:00:26.6
MP-T Epoch [139/1000], Loss: 3.4647, running time: 0:00:26.9
MP-T Epoch [140/1000], Loss: 3.4647, running time: 0:00:27.8
MP-T Epoch [141/1000], Loss: 3.4647, running time: 0:00:27.4
MP-T Epoch [142/1000], Loss: 3.4647, running time: 0:00:27.4
MP-T Epoch [143/1000], Loss: 3.4647, running time: 0:00:27.1
MP-T Epoch [144/1000], Loss: 3.4647, running time: 0:00:27.8
MP-T Epoch [145/1000], Loss: 3.4647, running time: 0:00:26.7
MP-T Epoch [146/1000], Loss: 3.4647, running time: 0:00:26.6
MP-T Epoch [147/1000], Loss: 3.4647, running time: 0:00:26.5
MP-T Epoch [148/1000], Loss: 3.4647, running time: 0:00:27.0
MP-T Epoch [149/1000], Loss: 3.4647, running time: 0:00:26.4
MP-T Epoch [150/1000], Loss: 3.4647, running time: 0:00:27.1
MP-T Epoch [151/1000], Loss: 3.4647, running time: 0:00:26.9
MP-T Epoch [152/1000], Loss: 3.4647, running time: 0:00:26.8
MP-T Epoch [153/1000], Loss: 3.4647, running time: 0:00:27.0
MP-T Epoch [154/1000], Loss: 3.4647, running time: 0:00:27.0
MP-T Epoch [155/1000], Loss: 3.4647, running time: 0:00:26.8
MP-T Epoch [156/1000], Loss: 3.4647, running time: 0:00:27.0
MP-T Epoch [157/1000], Loss: 3.4647, running time: 0:00:26.8
MP-T Epoch [158/1000], Loss: 3.4647, running time: 0:00:26.9
MP-T Epoch [159/1000], Loss: 3.4647, running time: 0:00:26.9
MP-T Epoch [160/1000], Loss: 3.4647, running time: 0:00:26.9
MP-T Epoch [161/1000], Loss: 3.4647, running time: 0:00:26.9
MP-T Epoch [162/1000], Loss: 3.4647, running time: 0:00:26.6
MP-T Epoch [163/1000], Loss: 3.4647, running time: 0:00:26.7
MP-T Epoch [164/1000], Loss: 3.4647, running time: 0:00:26.6
MP-T Epoch [165/1000], Loss: 3.4647, running time: 0:00:26.7
MP-T Epoch [166/1000], Loss: 3.4647, running time: 0:00:26.8
MP-T Epoch [167/1000], Loss: 3.4647, running time: 0:00:27.3
MP-T Epoch [168/1000], Loss: 3.4647, running time: 0:00:26.7
MP-T Epoch [169/1000], Loss: 3.4647, running time: 0:00:27.0
MP-T Epoch [170/1000], Loss: 3.4647, running time: 0:00:27.0
MP-T Epoch [171/1000], Loss: 3.4647, running time: 0:00:26.8
MP-T Epoch [172/1000], Loss: 3.4647, running time: 0:00:26.7
MP-T Epoch [173/1000], Loss: 3.4647, running time: 0:00:26.8
MP-T Epoch [174/1000], Loss: 3.4647, running time: 0:00:26.9
MP-T Epoch [175/1000], Loss: 3.4647, running time: 0:00:26.9
MP-T Epoch [176/1000], Loss: 3.4647, running time: 0:00:26.9
MP-T Epoch [177/1000], Loss: 3.4647, running time: 0:00:26.6
MP-T Epoch [178/1000], Loss: 3.4647, running time: 0:00:26.9
MP-T Epoch [179/1000], Loss: 3.4647, running time: 0:00:26.7
MP-T Epoch [180/1000], Loss: 3.4647, running time: 0:00:26.6
MP-T Epoch [181/1000], Loss: 3.4647, running time: 0:00:26.8
MP-T Epoch [182/1000], Loss: 3.4647, running time: 0:00:26.6
MP-T Epoch [183/1000], Loss: 3.4647, running time: 0:00:26.6
MP-T Epoch [184/1000], Loss: 3.4647, running time: 0:00:26.8
MP-T Epoch [185/1000], Loss: 3.4647, running time: 0:00:26.8
MP-T Epoch [186/1000], Loss: 3.4647, running time: 0:00:27.0
MP-T Epoch [187/1000], Loss: 3.4647, running time: 0:00:26.8
MP-T Epoch [188/1000], Loss: 3.4647, running time: 0:00:26.9
MP-T Epoch [189/1000], Loss: 3.4647, running time: 0:00:27.1
MP-T Epoch [190/1000], Loss: 3.4647, running time: 0:00:26.4
MP-T Epoch [191/1000], Loss: 3.4647, running time: 0:00:27.6
MP-T Epoch [192/1000], Loss: 3.4647, running time: 0:00:27.1
MP-T Epoch [193/1000], Loss: 3.4647, running time: 0:00:27.9
MP-T Epoch [194/1000], Loss: 3.4647, running time: 0:00:26.9
MP-T Epoch [195/1000], Loss: 3.4647, running time: 0:00:26.7
MP-T Epoch [196/1000], Loss: 3.4647, running time: 0:00:26.6
MP-T Epoch [197/1000], Loss: 3.4647, running time: 0:00:26.6
MP-T Epoch [198/1000], Loss: 3.4647, running time: 0:00:27.2
MP-T Epoch [199/1000], Loss: 3.4647, running time: 0:00:26.5
MP-T Epoch [200/1000], Loss: 3.4647, running time: 0:00:26.7
record checkpoint at: /exafs1/well/rittscher/users/lec468/PanoPath-Project/st-he/models/CLIP_CtxI-ViT16-224-h4_d3_CtxI-ViT16-224-h4_d3[10]2024-05-23[100]2024-05-23[200]2024-05-23.pth
MP-T Epoch [201/1000], Loss: 3.4647, running time: 0:00:26.7
MP-T Epoch [202/1000], Loss: 3.4647, running time: 0:00:26.8
MP-T Epoch [203/1000], Loss: 3.4647, running time: 0:00:26.6
MP-T Epoch [204/1000], Loss: 3.4647, running time: 0:00:26.9
MP-T Epoch [205/1000], Loss: 3.4647, running time: 0:00:26.4
MP-T Epoch [206/1000], Loss: 3.4647, running time: 0:00:27.5
MP-T Epoch [207/1000], Loss: 3.4647, running time: 0:00:26.7
MP-T Epoch [208/1000], Loss: 3.4647, running time: 0:00:26.8
MP-T Epoch [209/1000], Loss: 3.4647, running time: 0:00:26.9
MP-T Epoch [210/1000], Loss: 3.4647, running time: 0:00:26.5
MP-T Epoch [211/1000], Loss: 3.4647, running time: 0:00:26.8
MP-T Epoch [212/1000], Loss: 3.4647, running time: 0:00:26.6
MP-T Epoch [213/1000], Loss: 3.4647, running time: 0:00:27.0
MP-T Epoch [214/1000], Loss: 3.4647, running time: 0:00:26.5
MP-T Epoch [215/1000], Loss: 3.4647, running time: 0:00:26.7
MP-T Epoch [216/1000], Loss: 3.4647, running time: 0:00:26.8
MP-T Epoch [217/1000], Loss: 3.4647, running time: 0:00:26.6
MP-T Epoch [218/1000], Loss: 3.4647, running time: 0:00:26.7
MP-T Epoch [219/1000], Loss: 3.4647, running time: 0:00:26.6
MP-T Epoch [220/1000], Loss: 3.4647, running time: 0:00:26.5
MP-T Epoch [221/1000], Loss: 3.4647, running time: 0:00:27.0
MP-T Epoch [222/1000], Loss: 3.4647, running time: 0:00:26.8
MP-T Epoch [223/1000], Loss: 3.4647, running time: 0:00:27.5
MP-T Epoch [224/1000], Loss: 3.4647, running time: 0:00:27.0
MP-T Epoch [225/1000], Loss: 3.4647, running time: 0:00:27.0
MP-T Epoch [226/1000], Loss: 3.4647, running time: 0:00:27.0
MP-T Epoch [227/1000], Loss: 3.4647, running time: 0:00:26.7
MP-T Epoch [228/1000], Loss: 3.4647, running time: 0:00:26.8
MP-T Epoch [229/1000], Loss: nan, running time: 0:00:26.0
MP-T Epoch [230/1000], Loss: nan, running time: 0:00:26.6
MP-T Epoch [231/1000], Loss: nan, running time: 0:00:27.1
MP-T Epoch [232/1000], Loss: nan, running time: 0:00:26.9
MP-T Epoch [233/1000], Loss: nan, running time: 0:00:27.1
MP-T Epoch [234/1000], Loss: nan, running time: 0:00:26.8
MP-T Epoch [235/1000], Loss: nan, running time: 0:00:26.6
MP-T Epoch [236/1000], Loss: nan, running time: 0:00:26.8
MP-T Epoch [237/1000], Loss: nan, running time: 0:00:26.8
MP-T Epoch [238/1000], Loss: nan, running time: 0:00:26.8
MP-T Epoch [239/1000], Loss: nan, running time: 0:00:26.9
MP-T Epoch [240/1000], Loss: nan, running time: 0:00:26.8
MP-T Epoch [241/1000], Loss: nan, running time: 0:00:27.0
MP-T Epoch [242/1000], Loss: nan, running time: 0:00:27.0
MP-T Epoch [243/1000], Loss: nan, running time: 0:00:26.9
MP-T Epoch [244/1000], Loss: nan, running time: 0:00:26.6
MP-T Epoch [245/1000], Loss: nan, running time: 0:00:26.8
MP-T Epoch [246/1000], Loss: nan, running time: 0:00:26.9
MP-T Epoch [247/1000], Loss: nan, running time: 0:00:26.9
MP-T Epoch [248/1000], Loss: nan, running time: 0:00:27.3
MP-T Epoch [249/1000], Loss: nan, running time: 0:00:26.8
MP-T Epoch [250/1000], Loss: nan, running time: 0:00:26.8
MP-T Epoch [251/1000], Loss: nan, running time: 0:00:26.7
MP-T Epoch [252/1000], Loss: nan, running time: 0:00:26.6
MP-T Epoch [253/1000], Loss: nan, running time: 0:00:27.0
MP-T Epoch [254/1000], Loss: nan, running time: 0:00:26.7
MP-T Epoch [255/1000], Loss: nan, running time: 0:00:26.6
MP-T Epoch [256/1000], Loss: nan, running time: 0:00:26.8
MP-T Epoch [257/1000], Loss: nan, running time: 0:00:26.4
MP-T Epoch [258/1000], Loss: nan, running time: 0:00:26.7
MP-T Epoch [259/1000], Loss: nan, running time: 0:00:27.1
MP-T Epoch [260/1000], Loss: nan, running time: 0:00:26.4
MP-T Epoch [261/1000], Loss: nan, running time: 0:00:26.6
MP-T Epoch [262/1000], Loss: nan, running time: 0:00:26.8
MP-T Epoch [263/1000], Loss: nan, running time: 0:00:26.7
MP-T Epoch [264/1000], Loss: nan, running time: 0:00:27.2
MP-T Epoch [265/1000], Loss: nan, running time: 0:00:26.6
MP-T Epoch [266/1000], Loss: nan, running time: 0:00:26.6
MP-T Epoch [267/1000], Loss: nan, running time: 0:00:26.9
MP-T Epoch [268/1000], Loss: nan, running time: 0:00:26.7
MP-T Epoch [269/1000], Loss: nan, running time: 0:00:26.4
MP-T Epoch [270/1000], Loss: nan, running time: 0:00:26.5
MP-T Epoch [271/1000], Loss: nan, running time: 0:00:26.9
MP-T Epoch [272/1000], Loss: nan, running time: 0:00:26.7
MP-T Epoch [273/1000], Loss: nan, running time: 0:00:27.0
MP-T Epoch [274/1000], Loss: nan, running time: 0:00:26.7
MP-T Epoch [275/1000], Loss: nan, running time: 0:00:26.6
MP-T Epoch [276/1000], Loss: nan, running time: 0:00:26.8
MP-T Epoch [277/1000], Loss: nan, running time: 0:00:27.1
MP-T Epoch [278/1000], Loss: nan, running time: 0:00:26.3
MP-T Epoch [279/1000], Loss: nan, running time: 0:00:26.9
MP-T Epoch [280/1000], Loss: nan, running time: 0:00:27.1
MP-T Epoch [281/1000], Loss: nan, running time: 0:00:26.8
MP-T Epoch [282/1000], Loss: nan, running time: 0:00:27.1
MP-T Epoch [283/1000], Loss: nan, running time: 0:00:27.3
MP-T Epoch [284/1000], Loss: nan, running time: 0:00:27.4
MP-T Epoch [285/1000], Loss: nan, running time: 0:00:26.8
MP-T Epoch [286/1000], Loss: nan, running time: 0:00:26.6
MP-T Epoch [287/1000], Loss: nan, running time: 0:00:26.8
MP-T Epoch [288/1000], Loss: nan, running time: 0:00:27.1
MP-T Epoch [289/1000], Loss: nan, running time: 0:00:26.8
MP-T Epoch [290/1000], Loss: nan, running time: 0:00:26.7
MP-T Epoch [291/1000], Loss: nan, running time: 0:00:26.8
MP-T Epoch [292/1000], Loss: nan, running time: 0:00:27.0
MP-T Epoch [293/1000], Loss: nan, running time: 0:00:26.8
MP-T Epoch [294/1000], Loss: nan, running time: 0:00:26.9
MP-T Epoch [295/1000], Loss: nan, running time: 0:00:27.3
MP-T Epoch [296/1000], Loss: nan, running time: 0:00:26.6
MP-T Epoch [297/1000], Loss: nan, running time: 0:00:26.9
MP-T Epoch [298/1000], Loss: nan, running time: 0:00:26.8
MP-T Epoch [299/1000], Loss: nan, running time: 0:00:26.7
MP-T Epoch [300/1000], Loss: nan, running time: 0:00:26.6
record checkpoint at: /exafs1/well/rittscher/users/lec468/PanoPath-Project/st-he/models/CLIP_CtxI-ViT16-224-h4_d3_CtxI-ViT16-224-h4_d3[10]2024-05-23[100]2024-05-23[200]2024-05-23[300]2024-05-23.pth
MP-T Epoch [301/1000], Loss: nan, running time: 0:00:26.5
MP-T Epoch [302/1000], Loss: nan, running time: 0:00:26.6
MP-T Epoch [303/1000], Loss: nan, running time: 0:00:27.1
MP-T Epoch [304/1000], Loss: nan, running time: 0:00:26.6
MP-T Epoch [305/1000], Loss: nan, running time: 0:00:26.6
MP-T Epoch [306/1000], Loss: nan, running time: 0:00:26.7
MP-T Epoch [307/1000], Loss: nan, running time: 0:00:26.9
MP-T Epoch [308/1000], Loss: nan, running time: 0:00:26.7
MP-T Epoch [309/1000], Loss: nan, running time: 0:00:27.0
MP-T Epoch [310/1000], Loss: nan, running time: 0:00:26.6
MP-T Epoch [311/1000], Loss: nan, running time: 0:00:26.3
MP-T Epoch [312/1000], Loss: nan, running time: 0:00:26.8
MP-T Epoch [313/1000], Loss: nan, running time: 0:00:27.2
MP-T Epoch [314/1000], Loss: nan, running time: 0:00:26.8
MP-T Epoch [315/1000], Loss: nan, running time: 0:00:26.6
MP-T Epoch [316/1000], Loss: nan, running time: 0:00:26.7
MP-T Epoch [317/1000], Loss: nan, running time: 0:00:26.4
MP-T Epoch [318/1000], Loss: nan, running time: 0:00:26.7
MP-T Epoch [319/1000], Loss: nan, running time: 0:00:26.6
MP-T Epoch [320/1000], Loss: nan, running time: 0:00:26.8
MP-T Epoch [321/1000], Loss: nan, running time: 0:00:26.7
MP-T Epoch [322/1000], Loss: nan, running time: 0:00:26.3
MP-T Epoch [323/1000], Loss: nan, running time: 0:00:27.1
MP-T Epoch [324/1000], Loss: nan, running time: 0:00:26.7
MP-T Epoch [325/1000], Loss: nan, running time: 0:00:26.6
MP-T Epoch [326/1000], Loss: nan, running time: 0:00:26.4
MP-T Epoch [327/1000], Loss: nan, running time: 0:00:26.7
MP-T Epoch [328/1000], Loss: nan, running time: 0:00:26.9
MP-T Epoch [329/1000], Loss: nan, running time: 0:00:26.4
MP-T Epoch [330/1000], Loss: nan, running time: 0:00:26.5
MP-T Epoch [331/1000], Loss: nan, running time: 0:00:26.7
MP-T Epoch [332/1000], Loss: nan, running time: 0:00:26.7
MP-T Epoch [333/1000], Loss: nan, running time: 0:00:27.0
MP-T Epoch [334/1000], Loss: nan, running time: 0:00:26.6
MP-T Epoch [335/1000], Loss: nan, running time: 0:00:27.0
MP-T Epoch [336/1000], Loss: nan, running time: 0:00:26.6
MP-T Epoch [337/1000], Loss: nan, running time: 0:00:26.6
MP-T Epoch [338/1000], Loss: nan, running time: 0:00:26.6
MP-T Epoch [339/1000], Loss: nan, running time: 0:00:26.5
MP-T Epoch [340/1000], Loss: nan, running time: 0:00:26.6
MP-T Epoch [341/1000], Loss: nan, running time: 0:00:26.5
MP-T Epoch [342/1000], Loss: nan, running time: 0:00:27.0
MP-T Epoch [343/1000], Loss: nan, running time: 0:00:26.9
MP-T Epoch [344/1000], Loss: nan, running time: 0:00:26.6
MP-T Epoch [345/1000], Loss: nan, running time: 0:00:26.7
MP-T Epoch [346/1000], Loss: nan, running time: 0:00:26.5
MP-T Epoch [347/1000], Loss: nan, running time: 0:00:27.0
MP-T Epoch [348/1000], Loss: nan, running time: 0:00:26.6
MP-T Epoch [349/1000], Loss: nan, running time: 0:00:26.4
MP-T Epoch [350/1000], Loss: nan, running time: 0:00:26.9
MP-T Epoch [351/1000], Loss: nan, running time: 0:00:26.8
MP-T Epoch [352/1000], Loss: nan, running time: 0:00:26.9
MP-T Epoch [353/1000], Loss: nan, running time: 0:00:27.0
MP-T Epoch [354/1000], Loss: nan, running time: 0:00:26.6
MP-T Epoch [355/1000], Loss: nan, running time: 0:00:26.8
MP-T Epoch [356/1000], Loss: nan, running time: 0:00:26.6
MP-T Epoch [357/1000], Loss: nan, running time: 0:00:27.3
MP-T Epoch [358/1000], Loss: nan, running time: 0:00:27.1
MP-T Epoch [359/1000], Loss: nan, running time: 0:00:26.9
MP-T Epoch [360/1000], Loss: nan, running time: 0:00:26.9
MP-T Epoch [361/1000], Loss: nan, running time: 0:00:26.9
MP-T Epoch [362/1000], Loss: nan, running time: 0:00:26.5
MP-T Epoch [363/1000], Loss: nan, running time: 0:00:26.5
MP-T Epoch [364/1000], Loss: nan, running time: 0:00:26.7
MP-T Epoch [365/1000], Loss: nan, running time: 0:00:26.9
MP-T Epoch [366/1000], Loss: nan, running time: 0:00:26.5
MP-T Epoch [367/1000], Loss: nan, running time: 0:00:26.9
MP-T Epoch [368/1000], Loss: nan, running time: 0:00:27.3
MP-T Epoch [369/1000], Loss: nan, running time: 0:00:26.5
MP-T Epoch [370/1000], Loss: nan, running time: 0:00:26.4
MP-T Epoch [371/1000], Loss: nan, running time: 0:00:26.7
MP-T Epoch [372/1000], Loss: nan, running time: 0:00:26.9
MP-T Epoch [373/1000], Loss: nan, running time: 0:00:26.7
MP-T Epoch [374/1000], Loss: nan, running time: 0:00:26.6
MP-T Epoch [375/1000], Loss: nan, running time: 0:00:26.5
MP-T Epoch [376/1000], Loss: nan, running time: 0:00:26.8
MP-T Epoch [377/1000], Loss: nan, running time: 0:00:26.8
MP-T Epoch [378/1000], Loss: nan, running time: 0:00:26.8
MP-T Epoch [379/1000], Loss: nan, running time: 0:00:26.7
MP-T Epoch [380/1000], Loss: nan, running time: 0:00:26.8
MP-T Epoch [381/1000], Loss: nan, running time: 0:00:26.3
MP-T Epoch [382/1000], Loss: nan, running time: 0:00:26.5
MP-T Epoch [383/1000], Loss: nan, running time: 0:00:26.8
MP-T Epoch [384/1000], Loss: nan, running time: 0:00:26.6
MP-T Epoch [385/1000], Loss: nan, running time: 0:00:26.5
MP-T Epoch [386/1000], Loss: nan, running time: 0:00:26.9
MP-T Epoch [387/1000], Loss: nan, running time: 0:00:26.4
MP-T Epoch [388/1000], Loss: nan, running time: 0:00:27.2
MP-T Epoch [389/1000], Loss: nan, running time: 0:00:27.6
MP-T Epoch [390/1000], Loss: nan, running time: 0:00:26.7
MP-T Epoch [391/1000], Loss: nan, running time: 0:00:26.5
MP-T Epoch [392/1000], Loss: nan, running time: 0:00:27.1
MP-T Epoch [393/1000], Loss: nan, running time: 0:00:27.0
MP-T Epoch [394/1000], Loss: nan, running time: 0:00:26.4
MP-T Epoch [395/1000], Loss: nan, running time: 0:00:26.8
MP-T Epoch [396/1000], Loss: nan, running time: 0:00:27.0
MP-T Epoch [397/1000], Loss: nan, running time: 0:00:26.4
MP-T Epoch [398/1000], Loss: nan, running time: 0:00:26.8
MP-T Epoch [399/1000], Loss: nan, running time: 0:00:26.5
MP-T Epoch [400/1000], Loss: nan, running time: 0:00:26.7
record checkpoint at: /exafs1/well/rittscher/users/lec468/PanoPath-Project/st-he/models/CLIP_CtxI-ViT16-224-h4_d3_CtxI-ViT16-224-h4_d3[10]2024-05-23[100]2024-05-23[200]2024-05-23[300]2024-05-23[400]2024-05-23.pth
MP-T Epoch [401/1000], Loss: nan, running time: 0:00:26.8
MP-T Epoch [402/1000], Loss: nan, running time: 0:00:26.7
MP-T Epoch [403/1000], Loss: nan, running time: 0:00:26.9
MP-T Epoch [404/1000], Loss: nan, running time: 0:00:26.5
MP-T Epoch [405/1000], Loss: nan, running time: 0:00:26.9
MP-T Epoch [406/1000], Loss: nan, running time: 0:00:26.6
MP-T Epoch [407/1000], Loss: nan, running time: 0:00:26.6
MP-T Epoch [408/1000], Loss: nan, running time: 0:00:26.6
MP-T Epoch [409/1000], Loss: nan, running time: 0:00:26.2
MP-T Epoch [410/1000], Loss: nan, running time: 0:00:26.5
MP-T Epoch [411/1000], Loss: nan, running time: 0:00:26.6
MP-T Epoch [412/1000], Loss: nan, running time: 0:00:26.6
MP-T Epoch [413/1000], Loss: nan, running time: 0:00:26.4
MP-T Epoch [414/1000], Loss: nan, running time: 0:00:27.0
MP-T Epoch [415/1000], Loss: nan, running time: 0:00:26.9
MP-T Epoch [416/1000], Loss: nan, running time: 0:00:26.7
MP-T Epoch [417/1000], Loss: nan, running time: 0:00:26.6
MP-T Epoch [418/1000], Loss: nan, running time: 0:00:26.5
MP-T Epoch [419/1000], Loss: nan, running time: 0:00:26.4
MP-T Epoch [420/1000], Loss: nan, running time: 0:00:26.8
MP-T Epoch [421/1000], Loss: nan, running time: 0:00:26.9
MP-T Epoch [422/1000], Loss: nan, running time: 0:00:26.6
MP-T Epoch [423/1000], Loss: nan, running time: 0:00:26.5
MP-T Epoch [424/1000], Loss: nan, running time: 0:00:27.1
MP-T Epoch [425/1000], Loss: nan, running time: 0:00:26.9
MP-T Epoch [426/1000], Loss: nan, running time: 0:00:27.2
MP-T Epoch [427/1000], Loss: nan, running time: 0:00:26.8
MP-T Epoch [428/1000], Loss: nan, running time: 0:00:26.6
MP-T Epoch [429/1000], Loss: nan, running time: 0:00:26.9
MP-T Epoch [430/1000], Loss: nan, running time: 0:00:27.4
MP-T Epoch [431/1000], Loss: nan, running time: 0:00:26.5
MP-T Epoch [432/1000], Loss: nan, running time: 0:00:26.9
MP-T Epoch [433/1000], Loss: nan, running time: 0:00:26.8
MP-T Epoch [434/1000], Loss: nan, running time: 0:00:26.5
MP-T Epoch [435/1000], Loss: nan, running time: 0:00:26.7
MP-T Epoch [436/1000], Loss: nan, running time: 0:00:27.4
MP-T Epoch [437/1000], Loss: nan, running time: 0:00:27.0
MP-T Epoch [438/1000], Loss: nan, running time: 0:00:26.7
MP-T Epoch [439/1000], Loss: nan, running time: 0:00:26.6
MP-T Epoch [440/1000], Loss: nan, running time: 0:00:26.3
MP-T Epoch [441/1000], Loss: nan, running time: 0:00:26.5
MP-T Epoch [442/1000], Loss: nan, running time: 0:00:26.3
MP-T Epoch [443/1000], Loss: nan, running time: 0:00:26.7
MP-T Epoch [444/1000], Loss: nan, running time: 0:00:26.6
MP-T Epoch [445/1000], Loss: nan, running time: 0:00:26.8
MP-T Epoch [446/1000], Loss: nan, running time: 0:00:26.6
MP-T Epoch [447/1000], Loss: nan, running time: 0:00:27.1
MP-T Epoch [448/1000], Loss: nan, running time: 0:00:27.1
MP-T Epoch [449/1000], Loss: nan, running time: 0:00:26.6
MP-T Epoch [450/1000], Loss: nan, running time: 0:00:26.8
MP-T Epoch [451/1000], Loss: nan, running time: 0:00:26.9
MP-T Epoch [452/1000], Loss: nan, running time: 0:00:27.3
MP-T Epoch [453/1000], Loss: nan, running time: 0:00:26.7
MP-T Epoch [454/1000], Loss: nan, running time: 0:00:26.5
MP-T Epoch [455/1000], Loss: nan, running time: 0:00:27.3
MP-T Epoch [456/1000], Loss: nan, running time: 0:00:27.0
MP-T Epoch [457/1000], Loss: nan, running time: 0:00:26.6
MP-T Epoch [458/1000], Loss: nan, running time: 0:00:26.5
MP-T Epoch [459/1000], Loss: nan, running time: 0:00:26.7
MP-T Epoch [460/1000], Loss: nan, running time: 0:00:26.9
MP-T Epoch [461/1000], Loss: nan, running time: 0:00:26.7
MP-T Epoch [462/1000], Loss: nan, running time: 0:00:26.4
MP-T Epoch [463/1000], Loss: nan, running time: 0:00:27.1
MP-T Epoch [464/1000], Loss: nan, running time: 0:00:26.9
MP-T Epoch [465/1000], Loss: nan, running time: 0:00:26.8
MP-T Epoch [466/1000], Loss: nan, running time: 0:00:26.6
MP-T Epoch [467/1000], Loss: nan, running time: 0:00:26.8
MP-T Epoch [468/1000], Loss: nan, running time: 0:00:26.6
MP-T Epoch [469/1000], Loss: nan, running time: 0:00:26.7
MP-T Epoch [470/1000], Loss: nan, running time: 0:00:26.6
MP-T Epoch [471/1000], Loss: nan, running time: 0:00:26.9
MP-T Epoch [472/1000], Loss: nan, running time: 0:00:26.7
MP-T Epoch [473/1000], Loss: nan, running time: 0:00:27.0
MP-T Epoch [474/1000], Loss: nan, running time: 0:00:26.6
MP-T Epoch [475/1000], Loss: nan, running time: 0:00:27.0
MP-T Epoch [476/1000], Loss: nan, running time: 0:00:26.9
MP-T Epoch [477/1000], Loss: nan, running time: 0:00:26.4
MP-T Epoch [478/1000], Loss: nan, running time: 0:00:26.6
MP-T Epoch [479/1000], Loss: nan, running time: 0:00:26.5
MP-T Epoch [480/1000], Loss: nan, running time: 0:00:26.6
MP-T Epoch [481/1000], Loss: nan, running time: 0:00:26.6
MP-T Epoch [482/1000], Loss: nan, running time: 0:00:27.1
MP-T Epoch [483/1000], Loss: nan, running time: 0:00:27.0
MP-T Epoch [484/1000], Loss: nan, running time: 0:00:26.9
MP-T Epoch [485/1000], Loss: nan, running time: 0:00:26.4
MP-T Epoch [486/1000], Loss: nan, running time: 0:00:26.6
MP-T Epoch [487/1000], Loss: nan, running time: 0:00:26.6
MP-T Epoch [488/1000], Loss: nan, running time: 0:00:26.6
MP-T Epoch [489/1000], Loss: nan, running time: 0:00:26.6
MP-T Epoch [490/1000], Loss: nan, running time: 0:00:26.9
MP-T Epoch [491/1000], Loss: nan, running time: 0:00:26.7
MP-T Epoch [492/1000], Loss: nan, running time: 0:00:27.1
MP-T Epoch [493/1000], Loss: nan, running time: 0:00:26.7
MP-T Epoch [494/1000], Loss: nan, running time: 0:00:26.8
MP-T Epoch [495/1000], Loss: nan, running time: 0:00:26.5
MP-T Epoch [496/1000], Loss: nan, running time: 0:00:26.6
MP-T Epoch [497/1000], Loss: nan, running time: 0:00:26.4
MP-T Epoch [498/1000], Loss: nan, running time: 0:00:26.9
MP-T Epoch [499/1000], Loss: nan, running time: 0:00:26.5
MP-T Epoch [500/1000], Loss: nan, running time: 0:00:26.5
record checkpoint at: /exafs1/well/rittscher/users/lec468/PanoPath-Project/st-he/models/CLIP_CtxI-ViT16-224-h4_d3_CtxI-ViT16-224-h4_d3[10]2024-05-23[100]2024-05-23[200]2024-05-23[300]2024-05-23[400]2024-05-23[500]2024-05-24.pth
MP-T Epoch [501/1000], Loss: nan, running time: 0:00:26.8
MP-T Epoch [502/1000], Loss: nan, running time: 0:00:27.4
MP-T Epoch [503/1000], Loss: nan, running time: 0:00:26.6
MP-T Epoch [504/1000], Loss: nan, running time: 0:00:26.8
MP-T Epoch [505/1000], Loss: nan, running time: 0:00:26.2
MP-T Epoch [506/1000], Loss: nan, running time: 0:00:26.8
MP-T Epoch [507/1000], Loss: nan, running time: 0:00:26.8
MP-T Epoch [508/1000], Loss: nan, running time: 0:00:26.4
MP-T Epoch [509/1000], Loss: nan, running time: 0:00:27.1
MP-T Epoch [510/1000], Loss: nan, running time: 0:00:26.5
MP-T Epoch [511/1000], Loss: nan, running time: 0:00:27.3
MP-T Epoch [512/1000], Loss: nan, running time: 0:00:26.8
MP-T Epoch [513/1000], Loss: nan, running time: 0:00:26.6
MP-T Epoch [514/1000], Loss: nan, running time: 0:00:27.1
MP-T Epoch [515/1000], Loss: nan, running time: 0:00:26.4
MP-T Epoch [516/1000], Loss: nan, running time: 0:00:26.6
MP-T Epoch [517/1000], Loss: nan, running time: 0:00:26.5
MP-T Epoch [518/1000], Loss: nan, running time: 0:00:26.6
MP-T Epoch [519/1000], Loss: nan, running time: 0:00:27.0
MP-T Epoch [520/1000], Loss: nan, running time: 0:00:26.7
MP-T Epoch [521/1000], Loss: nan, running time: 0:00:26.6
MP-T Epoch [522/1000], Loss: nan, running time: 0:00:26.7
MP-T Epoch [523/1000], Loss: nan, running time: 0:00:27.0
MP-T Epoch [524/1000], Loss: nan, running time: 0:00:26.9
MP-T Epoch [525/1000], Loss: nan, running time: 0:00:26.6
MP-T Epoch [526/1000], Loss: nan, running time: 0:00:26.4
MP-T Epoch [527/1000], Loss: nan, running time: 0:00:26.6
MP-T Epoch [528/1000], Loss: nan, running time: 0:00:25.2
MP-T Epoch [529/1000], Loss: nan, running time: 0:00:26.5
MP-T Epoch [530/1000], Loss: nan, running time: 0:00:26.4
MP-T Epoch [531/1000], Loss: nan, running time: 0:00:26.3
MP-T Epoch [532/1000], Loss: nan, running time: 0:00:26.7
MP-T Epoch [533/1000], Loss: nan, running time: 0:00:26.9
MP-T Epoch [534/1000], Loss: nan, running time: 0:00:26.9
MP-T Epoch [535/1000], Loss: nan, running time: 0:00:26.8
MP-T Epoch [536/1000], Loss: nan, running time: 0:00:26.6
MP-T Epoch [537/1000], Loss: nan, running time: 0:00:26.6
MP-T Epoch [538/1000], Loss: nan, running time: 0:00:27.0
MP-T Epoch [539/1000], Loss: nan, running time: 0:00:26.5
MP-T Epoch [540/1000], Loss: nan, running time: 0:00:27.0
MP-T Epoch [541/1000], Loss: nan, running time: 0:00:26.9
MP-T Epoch [542/1000], Loss: nan, running time: 0:00:26.6
MP-T Epoch [543/1000], Loss: nan, running time: 0:00:26.7
MP-T Epoch [544/1000], Loss: nan, running time: 0:00:26.9
MP-T Epoch [545/1000], Loss: nan, running time: 0:00:26.9
MP-T Epoch [546/1000], Loss: nan, running time: 0:00:26.7
MP-T Epoch [547/1000], Loss: nan, running time: 0:00:27.0
MP-T Epoch [548/1000], Loss: nan, running time: 0:00:26.7
MP-T Epoch [549/1000], Loss: nan, running time: 0:00:27.0
MP-T Epoch [550/1000], Loss: nan, running time: 0:00:26.6
MP-T Epoch [551/1000], Loss: nan, running time: 0:00:26.5
MP-T Epoch [552/1000], Loss: nan, running time: 0:00:27.0
MP-T Epoch [553/1000], Loss: nan, running time: 0:00:26.6
MP-T Epoch [554/1000], Loss: nan, running time: 0:00:26.8
MP-T Epoch [555/1000], Loss: nan, running time: 0:00:26.5
MP-T Epoch [556/1000], Loss: nan, running time: 0:00:26.7
MP-T Epoch [557/1000], Loss: nan, running time: 0:00:26.7
MP-T Epoch [558/1000], Loss: nan, running time: 0:00:26.6
MP-T Epoch [559/1000], Loss: nan, running time: 0:00:26.3
MP-T Epoch [560/1000], Loss: nan, running time: 0:00:27.0
MP-T Epoch [561/1000], Loss: nan, running time: 0:00:26.3
MP-T Epoch [562/1000], Loss: nan, running time: 0:00:26.6
MP-T Epoch [563/1000], Loss: nan, running time: 0:00:26.6
MP-T Epoch [564/1000], Loss: nan, running time: 0:00:27.0
MP-T Epoch [565/1000], Loss: nan, running time: 0:00:26.6
MP-T Epoch [566/1000], Loss: nan, running time: 0:00:26.5
MP-T Epoch [567/1000], Loss: nan, running time: 0:00:26.4
MP-T Epoch [568/1000], Loss: nan, running time: 0:00:26.6
MP-T Epoch [569/1000], Loss: nan, running time: 0:00:26.5
MP-T Epoch [570/1000], Loss: nan, running time: 0:00:26.7
MP-T Epoch [571/1000], Loss: nan, running time: 0:00:26.6
MP-T Epoch [572/1000], Loss: nan, running time: 0:00:27.2
MP-T Epoch [573/1000], Loss: nan, running time: 0:00:27.1
MP-T Epoch [574/1000], Loss: nan, running time: 0:00:26.6
MP-T Epoch [575/1000], Loss: nan, running time: 0:00:26.7
MP-T Epoch [576/1000], Loss: nan, running time: 0:00:26.7
MP-T Epoch [577/1000], Loss: nan, running time: 0:00:26.7
MP-T Epoch [578/1000], Loss: nan, running time: 0:00:26.7
MP-T Epoch [579/1000], Loss: nan, running time: 0:00:26.8
MP-T Epoch [580/1000], Loss: nan, running time: 0:00:26.6
MP-T Epoch [581/1000], Loss: nan, running time: 0:00:27.5
MP-T Epoch [582/1000], Loss: nan, running time: 0:00:27.6
MP-T Epoch [583/1000], Loss: nan, running time: 0:00:26.9
MP-T Epoch [584/1000], Loss: nan, running time: 0:00:26.5
MP-T Epoch [585/1000], Loss: nan, running time: 0:00:26.9
MP-T Epoch [586/1000], Loss: nan, running time: 0:00:26.7
MP-T Epoch [587/1000], Loss: nan, running time: 0:00:26.9
MP-T Epoch [588/1000], Loss: nan, running time: 0:00:26.5
MP-T Epoch [589/1000], Loss: nan, running time: 0:00:26.7
MP-T Epoch [590/1000], Loss: nan, running time: 0:00:26.9
MP-T Epoch [591/1000], Loss: nan, running time: 0:00:26.8
MP-T Epoch [592/1000], Loss: nan, running time: 0:00:26.6
MP-T Epoch [593/1000], Loss: nan, running time: 0:00:26.9
MP-T Epoch [594/1000], Loss: nan, running time: 0:00:26.7
MP-T Epoch [595/1000], Loss: nan, running time: 0:00:26.7
MP-T Epoch [596/1000], Loss: nan, running time: 0:00:26.6
MP-T Epoch [597/1000], Loss: nan, running time: 0:00:26.6
MP-T Epoch [598/1000], Loss: nan, running time: 0:00:26.7
MP-T Epoch [599/1000], Loss: nan, running time: 0:00:26.7
MP-T Epoch [600/1000], Loss: nan, running time: 0:00:26.7
record checkpoint at: /exafs1/well/rittscher/users/lec468/PanoPath-Project/st-he/models/CLIP_CtxI-ViT16-224-h4_d3_CtxI-ViT16-224-h4_d3[10]2024-05-23[100]2024-05-23[200]2024-05-23[300]2024-05-23[400]2024-05-23[500]2024-05-24[600]2024-05-24.pth
MP-T Epoch [601/1000], Loss: nan, running time: 0:00:26.8
MP-T Epoch [602/1000], Loss: nan, running time: 0:00:26.7
MP-T Epoch [603/1000], Loss: nan, running time: 0:00:27.1
MP-T Epoch [604/1000], Loss: nan, running time: 0:00:27.1
MP-T Epoch [605/1000], Loss: nan, running time: 0:00:27.4
MP-T Epoch [606/1000], Loss: nan, running time: 0:00:26.6
MP-T Epoch [607/1000], Loss: nan, running time: 0:00:26.9
MP-T Epoch [608/1000], Loss: nan, running time: 0:00:27.6
MP-T Epoch [609/1000], Loss: nan, running time: 0:00:27.3
MP-T Epoch [610/1000], Loss: nan, running time: 0:00:26.8
MP-T Epoch [611/1000], Loss: nan, running time: 0:00:26.4
MP-T Epoch [612/1000], Loss: nan, running time: 0:00:27.1
MP-T Epoch [613/1000], Loss: nan, running time: 0:00:26.5
MP-T Epoch [614/1000], Loss: nan, running time: 0:00:26.5
MP-T Epoch [615/1000], Loss: nan, running time: 0:00:26.7
MP-T Epoch [616/1000], Loss: nan, running time: 0:00:26.9
MP-T Epoch [617/1000], Loss: nan, running time: 0:00:27.2
MP-T Epoch [618/1000], Loss: nan, running time: 0:00:26.8
MP-T Epoch [619/1000], Loss: nan, running time: 0:00:26.8
MP-T Epoch [620/1000], Loss: nan, running time: 0:00:26.5
MP-T Epoch [621/1000], Loss: nan, running time: 0:00:26.4
MP-T Epoch [622/1000], Loss: nan, running time: 0:00:26.7
MP-T Epoch [623/1000], Loss: nan, running time: 0:00:26.8
MP-T Epoch [624/1000], Loss: nan, running time: 0:00:26.6
MP-T Epoch [625/1000], Loss: nan, running time: 0:00:26.7
MP-T Epoch [626/1000], Loss: nan, running time: 0:00:26.4
MP-T Epoch [627/1000], Loss: nan, running time: 0:00:26.7
MP-T Epoch [628/1000], Loss: nan, running time: 0:00:26.5
MP-T Epoch [629/1000], Loss: nan, running time: 0:00:26.3
MP-T Epoch [630/1000], Loss: nan, running time: 0:00:26.6
MP-T Epoch [631/1000], Loss: nan, running time: 0:00:26.7
MP-T Epoch [632/1000], Loss: nan, running time: 0:00:26.8
MP-T Epoch [633/1000], Loss: nan, running time: 0:00:26.9
MP-T Epoch [634/1000], Loss: nan, running time: 0:00:26.5
MP-T Epoch [635/1000], Loss: nan, running time: 0:00:26.3
MP-T Epoch [636/1000], Loss: nan, running time: 0:00:26.2
MP-T Epoch [637/1000], Loss: nan, running time: 0:00:26.8
MP-T Epoch [638/1000], Loss: nan, running time: 0:00:26.7
MP-T Epoch [639/1000], Loss: nan, running time: 0:00:26.7
MP-T Epoch [640/1000], Loss: nan, running time: 0:00:26.8
MP-T Epoch [641/1000], Loss: nan, running time: 0:00:26.9
MP-T Epoch [642/1000], Loss: nan, running time: 0:00:26.9
MP-T Epoch [643/1000], Loss: nan, running time: 0:00:26.8
MP-T Epoch [644/1000], Loss: nan, running time: 0:00:27.0
MP-T Epoch [645/1000], Loss: nan, running time: 0:00:27.0
MP-T Epoch [646/1000], Loss: nan, running time: 0:00:26.9
MP-T Epoch [647/1000], Loss: nan, running time: 0:00:26.8
MP-T Epoch [648/1000], Loss: nan, running time: 0:00:27.3
MP-T Epoch [649/1000], Loss: nan, running time: 0:00:26.9
MP-T Epoch [650/1000], Loss: nan, running time: 0:00:26.9
MP-T Epoch [651/1000], Loss: nan, running time: 0:00:26.3
MP-T Epoch [652/1000], Loss: nan, running time: 0:00:27.0
MP-T Epoch [653/1000], Loss: nan, running time: 0:00:26.7
MP-T Epoch [654/1000], Loss: nan, running time: 0:00:26.9
MP-T Epoch [655/1000], Loss: nan, running time: 0:00:26.6
MP-T Epoch [656/1000], Loss: nan, running time: 0:00:26.8
MP-T Epoch [657/1000], Loss: nan, running time: 0:00:26.8
MP-T Epoch [658/1000], Loss: nan, running time: 0:00:26.8
MP-T Epoch [659/1000], Loss: nan, running time: 0:00:26.4
MP-T Epoch [660/1000], Loss: nan, running time: 0:00:26.8
MP-T Epoch [661/1000], Loss: nan, running time: 0:00:26.6
MP-T Epoch [662/1000], Loss: nan, running time: 0:00:26.9
MP-T Epoch [663/1000], Loss: nan, running time: 0:00:26.7
MP-T Epoch [664/1000], Loss: nan, running time: 0:00:26.6
MP-T Epoch [665/1000], Loss: nan, running time: 0:00:26.9
MP-T Epoch [666/1000], Loss: nan, running time: 0:00:26.2
MP-T Epoch [667/1000], Loss: nan, running time: 0:00:27.0
MP-T Epoch [668/1000], Loss: nan, running time: 0:00:26.7
MP-T Epoch [669/1000], Loss: nan, running time: 0:00:26.7
MP-T Epoch [670/1000], Loss: nan, running time: 0:00:27.9
MP-T Epoch [671/1000], Loss: nan, running time: 0:00:26.9
MP-T Epoch [672/1000], Loss: nan, running time: 0:00:26.5
MP-T Epoch [673/1000], Loss: nan, running time: 0:00:26.6
MP-T Epoch [674/1000], Loss: nan, running time: 0:00:26.9
MP-T Epoch [675/1000], Loss: nan, running time: 0:00:26.3
MP-T Epoch [676/1000], Loss: nan, running time: 0:00:26.7
MP-T Epoch [677/1000], Loss: nan, running time: 0:00:26.4
MP-T Epoch [678/1000], Loss: nan, running time: 0:00:26.6
MP-T Epoch [679/1000], Loss: nan, running time: 0:00:26.6
MP-T Epoch [680/1000], Loss: nan, running time: 0:00:26.2
MP-T Epoch [681/1000], Loss: nan, running time: 0:00:26.9
MP-T Epoch [682/1000], Loss: nan, running time: 0:00:26.5
MP-T Epoch [683/1000], Loss: nan, running time: 0:00:26.8
MP-T Epoch [684/1000], Loss: nan, running time: 0:00:27.0
MP-T Epoch [685/1000], Loss: nan, running time: 0:00:26.8
MP-T Epoch [686/1000], Loss: nan, running time: 0:00:26.9
MP-T Epoch [687/1000], Loss: nan, running time: 0:00:26.7
MP-T Epoch [688/1000], Loss: nan, running time: 0:00:26.7
MP-T Epoch [689/1000], Loss: nan, running time: 0:00:27.4
MP-T Epoch [690/1000], Loss: nan, running time: 0:00:27.3
MP-T Epoch [691/1000], Loss: nan, running time: 0:00:26.4
MP-T Epoch [692/1000], Loss: nan, running time: 0:00:26.9
MP-T Epoch [693/1000], Loss: nan, running time: 0:00:26.4
MP-T Epoch [694/1000], Loss: nan, running time: 0:00:27.3
MP-T Epoch [695/1000], Loss: nan, running time: 0:00:27.0
MP-T Epoch [696/1000], Loss: nan, running time: 0:00:26.8
MP-T Epoch [697/1000], Loss: nan, running time: 0:00:26.4
MP-T Epoch [698/1000], Loss: nan, running time: 0:00:26.9
MP-T Epoch [699/1000], Loss: nan, running time: 0:00:26.9
MP-T Epoch [700/1000], Loss: nan, running time: 0:00:26.9
record checkpoint at: /exafs1/well/rittscher/users/lec468/PanoPath-Project/st-he/models/CLIP_CtxI-ViT16-224-h4_d3_CtxI-ViT16-224-h4_d3[10]2024-05-23[100]2024-05-23[200]2024-05-23[300]2024-05-23[400]2024-05-23[500]2024-05-24[600]2024-05-24[700]2024-05-24.pth
MP-T Epoch [701/1000], Loss: nan, running time: 0:00:26.8
MP-T Epoch [702/1000], Loss: nan, running time: 0:00:26.7
MP-T Epoch [703/1000], Loss: nan, running time: 0:00:26.6
MP-T Epoch [704/1000], Loss: nan, running time: 0:00:26.5
MP-T Epoch [705/1000], Loss: nan, running time: 0:00:26.8
MP-T Epoch [706/1000], Loss: nan, running time: 0:00:27.0
MP-T Epoch [707/1000], Loss: nan, running time: 0:00:26.5
MP-T Epoch [708/1000], Loss: nan, running time: 0:00:26.5
MP-T Epoch [709/1000], Loss: nan, running time: 0:00:26.8
MP-T Epoch [710/1000], Loss: nan, running time: 0:00:26.3
MP-T Epoch [711/1000], Loss: nan, running time: 0:00:27.3
MP-T Epoch [712/1000], Loss: nan, running time: 0:00:26.6
MP-T Epoch [713/1000], Loss: nan, running time: 0:00:26.7
MP-T Epoch [714/1000], Loss: nan, running time: 0:00:26.5
MP-T Epoch [715/1000], Loss: nan, running time: 0:00:26.8
MP-T Epoch [716/1000], Loss: nan, running time: 0:00:27.0
MP-T Epoch [717/1000], Loss: nan, running time: 0:00:27.1
MP-T Epoch [718/1000], Loss: nan, running time: 0:00:27.3
MP-T Epoch [719/1000], Loss: nan, running time: 0:00:26.9
MP-T Epoch [720/1000], Loss: nan, running time: 0:00:26.9
MP-T Epoch [721/1000], Loss: nan, running time: 0:00:26.8
MP-T Epoch [722/1000], Loss: nan, running time: 0:00:26.6
MP-T Epoch [723/1000], Loss: nan, running time: 0:00:27.1
MP-T Epoch [724/1000], Loss: nan, running time: 0:00:26.6
MP-T Epoch [725/1000], Loss: nan, running time: 0:00:26.6
MP-T Epoch [726/1000], Loss: nan, running time: 0:00:25.7
MP-T Epoch [727/1000], Loss: nan, running time: 0:00:26.6
MP-T Epoch [728/1000], Loss: nan, running time: 0:00:27.0
MP-T Epoch [729/1000], Loss: nan, running time: 0:00:27.1
MP-T Epoch [730/1000], Loss: nan, running time: 0:00:26.7
MP-T Epoch [731/1000], Loss: nan, running time: 0:00:26.4
MP-T Epoch [732/1000], Loss: nan, running time: 0:00:26.6
MP-T Epoch [733/1000], Loss: nan, running time: 0:00:26.4
MP-T Epoch [734/1000], Loss: nan, running time: 0:00:26.6
MP-T Epoch [735/1000], Loss: nan, running time: 0:00:27.0
MP-T Epoch [736/1000], Loss: nan, running time: 0:00:26.7
MP-T Epoch [737/1000], Loss: nan, running time: 0:00:26.8
MP-T Epoch [738/1000], Loss: nan, running time: 0:00:27.0
MP-T Epoch [739/1000], Loss: nan, running time: 0:00:26.7
MP-T Epoch [740/1000], Loss: nan, running time: 0:00:26.8
MP-T Epoch [741/1000], Loss: nan, running time: 0:00:26.4
MP-T Epoch [742/1000], Loss: nan, running time: 0:00:26.5
MP-T Epoch [743/1000], Loss: nan, running time: 0:00:26.7
MP-T Epoch [744/1000], Loss: nan, running time: 0:00:26.8
MP-T Epoch [745/1000], Loss: nan, running time: 0:00:26.3
MP-T Epoch [746/1000], Loss: nan, running time: 0:00:26.1
MP-T Epoch [747/1000], Loss: nan, running time: 0:00:26.9
MP-T Epoch [748/1000], Loss: nan, running time: 0:00:26.8
MP-T Epoch [749/1000], Loss: nan, running time: 0:00:26.9
MP-T Epoch [750/1000], Loss: nan, running time: 0:00:26.3
MP-T Epoch [751/1000], Loss: nan, running time: 0:00:26.7
MP-T Epoch [752/1000], Loss: nan, running time: 0:00:26.6
MP-T Epoch [753/1000], Loss: nan, running time: 0:00:27.0
MP-T Epoch [754/1000], Loss: nan, running time: 0:00:26.8
MP-T Epoch [755/1000], Loss: nan, running time: 0:00:26.7
MP-T Epoch [756/1000], Loss: nan, running time: 0:00:26.8
MP-T Epoch [757/1000], Loss: nan, running time: 0:00:26.4
MP-T Epoch [758/1000], Loss: nan, running time: 0:00:26.3
MP-T Epoch [759/1000], Loss: nan, running time: 0:00:26.9
MP-T Epoch [760/1000], Loss: nan, running time: 0:00:26.8
MP-T Epoch [761/1000], Loss: nan, running time: 0:00:26.7
MP-T Epoch [762/1000], Loss: nan, running time: 0:00:26.7
MP-T Epoch [763/1000], Loss: nan, running time: 0:00:26.6
MP-T Epoch [764/1000], Loss: nan, running time: 0:00:26.6
MP-T Epoch [765/1000], Loss: nan, running time: 0:00:27.2
MP-T Epoch [766/1000], Loss: nan, running time: 0:00:26.6
MP-T Epoch [767/1000], Loss: nan, running time: 0:00:26.8
MP-T Epoch [768/1000], Loss: nan, running time: 0:00:26.4
MP-T Epoch [769/1000], Loss: nan, running time: 0:00:27.1
MP-T Epoch [770/1000], Loss: nan, running time: 0:00:26.9
MP-T Epoch [771/1000], Loss: nan, running time: 0:00:26.7
MP-T Epoch [772/1000], Loss: nan, running time: 0:00:26.8
MP-T Epoch [773/1000], Loss: nan, running time: 0:00:26.5
MP-T Epoch [774/1000], Loss: nan, running time: 0:00:26.6
MP-T Epoch [775/1000], Loss: nan, running time: 0:00:26.6
MP-T Epoch [776/1000], Loss: nan, running time: 0:00:27.1
MP-T Epoch [777/1000], Loss: nan, running time: 0:00:26.8
MP-T Epoch [778/1000], Loss: nan, running time: 0:00:27.0
MP-T Epoch [779/1000], Loss: nan, running time: 0:00:26.5
MP-T Epoch [780/1000], Loss: nan, running time: 0:00:26.9
MP-T Epoch [781/1000], Loss: nan, running time: 0:00:27.1
MP-T Epoch [782/1000], Loss: nan, running time: 0:00:26.9
MP-T Epoch [783/1000], Loss: nan, running time: 0:00:26.7
MP-T Epoch [784/1000], Loss: nan, running time: 0:00:26.7
MP-T Epoch [785/1000], Loss: nan, running time: 0:00:26.8
MP-T Epoch [786/1000], Loss: nan, running time: 0:00:27.1
MP-T Epoch [787/1000], Loss: nan, running time: 0:00:26.5
MP-T Epoch [788/1000], Loss: nan, running time: 0:00:26.3
MP-T Epoch [789/1000], Loss: nan, running time: 0:00:26.8
MP-T Epoch [790/1000], Loss: nan, running time: 0:00:26.5
MP-T Epoch [791/1000], Loss: nan, running time: 0:00:27.0
MP-T Epoch [792/1000], Loss: nan, running time: 0:00:26.6
MP-T Epoch [793/1000], Loss: nan, running time: 0:00:26.4
MP-T Epoch [794/1000], Loss: nan, running time: 0:00:27.1
MP-T Epoch [795/1000], Loss: nan, running time: 0:00:26.8
MP-T Epoch [796/1000], Loss: nan, running time: 0:00:26.8
MP-T Epoch [797/1000], Loss: nan, running time: 0:00:26.9
MP-T Epoch [798/1000], Loss: nan, running time: 0:00:26.7
MP-T Epoch [799/1000], Loss: nan, running time: 0:00:26.6
MP-T Epoch [800/1000], Loss: nan, running time: 0:00:26.8
record checkpoint at: /exafs1/well/rittscher/users/lec468/PanoPath-Project/st-he/models/CLIP_CtxI-ViT16-224-h4_d3_CtxI-ViT16-224-h4_d3[10]2024-05-23[100]2024-05-23[200]2024-05-23[300]2024-05-23[400]2024-05-23[500]2024-05-24[600]2024-05-24[700]2024-05-24[800]2024-05-24.pth
MP-T Epoch [801/1000], Loss: nan, running time: 0:00:27.0
MP-T Epoch [802/1000], Loss: nan, running time: 0:00:26.5
MP-T Epoch [803/1000], Loss: nan, running time: 0:00:26.4
MP-T Epoch [804/1000], Loss: nan, running time: 0:00:26.5
MP-T Epoch [805/1000], Loss: nan, running time: 0:00:27.6
MP-T Epoch [806/1000], Loss: nan, running time: 0:00:26.7
MP-T Epoch [807/1000], Loss: nan, running time: 0:00:26.5
MP-T Epoch [808/1000], Loss: nan, running time: 0:00:26.8
MP-T Epoch [809/1000], Loss: nan, running time: 0:00:26.7
MP-T Epoch [810/1000], Loss: nan, running time: 0:00:26.9
MP-T Epoch [811/1000], Loss: nan, running time: 0:00:26.9
MP-T Epoch [812/1000], Loss: nan, running time: 0:00:27.3
MP-T Epoch [813/1000], Loss: nan, running time: 0:00:26.7
MP-T Epoch [814/1000], Loss: nan, running time: 0:00:26.1
MP-T Epoch [815/1000], Loss: nan, running time: 0:00:27.2
MP-T Epoch [816/1000], Loss: nan, running time: 0:00:27.8
MP-T Epoch [817/1000], Loss: nan, running time: 0:00:26.8
MP-T Epoch [818/1000], Loss: nan, running time: 0:00:26.6
MP-T Epoch [819/1000], Loss: nan, running time: 0:00:26.7
MP-T Epoch [820/1000], Loss: nan, running time: 0:00:27.4
MP-T Epoch [821/1000], Loss: nan, running time: 0:00:26.5
MP-T Epoch [822/1000], Loss: nan, running time: 0:00:26.3
MP-T Epoch [823/1000], Loss: nan, running time: 0:00:26.6
MP-T Epoch [824/1000], Loss: nan, running time: 0:00:26.8
MP-T Epoch [825/1000], Loss: nan, running time: 0:00:26.8
MP-T Epoch [826/1000], Loss: nan, running time: 0:00:26.8
MP-T Epoch [827/1000], Loss: nan, running time: 0:00:26.7
MP-T Epoch [828/1000], Loss: nan, running time: 0:00:26.4
MP-T Epoch [829/1000], Loss: nan, running time: 0:00:26.6
MP-T Epoch [830/1000], Loss: nan, running time: 0:00:27.2
MP-T Epoch [831/1000], Loss: nan, running time: 0:00:26.5
MP-T Epoch [832/1000], Loss: nan, running time: 0:00:26.8
MP-T Epoch [833/1000], Loss: nan, running time: 0:00:26.8
MP-T Epoch [834/1000], Loss: nan, running time: 0:00:26.9
MP-T Epoch [835/1000], Loss: nan, running time: 0:00:26.4
MP-T Epoch [836/1000], Loss: nan, running time: 0:00:26.7
MP-T Epoch [837/1000], Loss: nan, running time: 0:00:26.7
MP-T Epoch [838/1000], Loss: nan, running time: 0:00:26.9
MP-T Epoch [839/1000], Loss: nan, running time: 0:00:26.5
MP-T Epoch [840/1000], Loss: nan, running time: 0:00:26.9
MP-T Epoch [841/1000], Loss: nan, running time: 0:00:26.7
MP-T Epoch [842/1000], Loss: nan, running time: 0:00:26.7
MP-T Epoch [843/1000], Loss: nan, running time: 0:00:26.7
MP-T Epoch [844/1000], Loss: nan, running time: 0:00:27.1
MP-T Epoch [845/1000], Loss: nan, running time: 0:00:26.8
MP-T Epoch [846/1000], Loss: nan, running time: 0:00:26.7
MP-T Epoch [847/1000], Loss: nan, running time: 0:00:27.1
MP-T Epoch [848/1000], Loss: nan, running time: 0:00:26.6
MP-T Epoch [849/1000], Loss: nan, running time: 0:00:26.7
MP-T Epoch [850/1000], Loss: nan, running time: 0:00:26.6
MP-T Epoch [851/1000], Loss: nan, running time: 0:00:26.7
MP-T Epoch [852/1000], Loss: nan, running time: 0:00:27.1
MP-T Epoch [853/1000], Loss: nan, running time: 0:00:26.6
MP-T Epoch [854/1000], Loss: nan, running time: 0:00:26.6
MP-T Epoch [855/1000], Loss: nan, running time: 0:00:26.8
MP-T Epoch [856/1000], Loss: nan, running time: 0:00:26.4
MP-T Epoch [857/1000], Loss: nan, running time: 0:00:26.4
MP-T Epoch [858/1000], Loss: nan, running time: 0:00:26.7
MP-T Epoch [859/1000], Loss: nan, running time: 0:00:26.9
MP-T Epoch [860/1000], Loss: nan, running time: 0:00:26.9
MP-T Epoch [861/1000], Loss: nan, running time: 0:00:26.9
MP-T Epoch [862/1000], Loss: nan, running time: 0:00:26.7
MP-T Epoch [863/1000], Loss: nan, running time: 0:00:26.6
MP-T Epoch [864/1000], Loss: nan, running time: 0:00:27.3
MP-T Epoch [865/1000], Loss: nan, running time: 0:00:27.0
MP-T Epoch [866/1000], Loss: nan, running time: 0:00:26.7
MP-T Epoch [867/1000], Loss: nan, running time: 0:00:26.7
MP-T Epoch [868/1000], Loss: nan, running time: 0:00:26.2
MP-T Epoch [869/1000], Loss: nan, running time: 0:00:26.6
MP-T Epoch [870/1000], Loss: nan, running time: 0:00:26.4
MP-T Epoch [871/1000], Loss: nan, running time: 0:00:26.4
MP-T Epoch [872/1000], Loss: nan, running time: 0:00:27.3
MP-T Epoch [873/1000], Loss: nan, running time: 0:00:27.0
MP-T Epoch [874/1000], Loss: nan, running time: 0:00:27.5
MP-T Epoch [875/1000], Loss: nan, running time: 0:00:26.6
MP-T Epoch [876/1000], Loss: nan, running time: 0:00:26.6
MP-T Epoch [877/1000], Loss: nan, running time: 0:00:27.2
MP-T Epoch [878/1000], Loss: nan, running time: 0:00:26.9
MP-T Epoch [879/1000], Loss: nan, running time: 0:00:26.9
MP-T Epoch [880/1000], Loss: nan, running time: 0:00:26.8
MP-T Epoch [881/1000], Loss: nan, running time: 0:00:26.2
MP-T Epoch [882/1000], Loss: nan, running time: 0:00:26.8
MP-T Epoch [883/1000], Loss: nan, running time: 0:00:26.6
MP-T Epoch [884/1000], Loss: nan, running time: 0:00:26.6
MP-T Epoch [885/1000], Loss: nan, running time: 0:00:26.9
MP-T Epoch [886/1000], Loss: nan, running time: 0:00:26.2
MP-T Epoch [887/1000], Loss: nan, running time: 0:00:26.9
MP-T Epoch [888/1000], Loss: nan, running time: 0:00:27.1
MP-T Epoch [889/1000], Loss: nan, running time: 0:00:26.9
MP-T Epoch [890/1000], Loss: nan, running time: 0:00:26.9
MP-T Epoch [891/1000], Loss: nan, running time: 0:00:27.0
MP-T Epoch [892/1000], Loss: nan, running time: 0:00:26.9
MP-T Epoch [893/1000], Loss: nan, running time: 0:00:26.8
MP-T Epoch [894/1000], Loss: nan, running time: 0:00:27.4
MP-T Epoch [895/1000], Loss: nan, running time: 0:00:26.6
MP-T Epoch [896/1000], Loss: nan, running time: 0:00:26.8
MP-T Epoch [897/1000], Loss: nan, running time: 0:00:26.9
MP-T Epoch [898/1000], Loss: nan, running time: 0:00:26.3
MP-T Epoch [899/1000], Loss: nan, running time: 0:00:26.8
MP-T Epoch [900/1000], Loss: nan, running time: 0:00:26.6
record checkpoint at: /exafs1/well/rittscher/users/lec468/PanoPath-Project/st-he/models/CLIP_CtxI-ViT16-224-h4_d3_CtxI-ViT16-224-h4_d3[10]2024-05-23[100]2024-05-23[200]2024-05-23[300]2024-05-23[400]2024-05-23[500]2024-05-24[600]2024-05-24[700]2024-05-24[800]2024-05-24[900]2024-05-24.pth
MP-T Epoch [901/1000], Loss: nan, running time: 0:00:26.6
MP-T Epoch [902/1000], Loss: nan, running time: 0:00:26.9
MP-T Epoch [903/1000], Loss: nan, running time: 0:00:26.7
MP-T Epoch [904/1000], Loss: nan, running time: 0:00:27.2
MP-T Epoch [905/1000], Loss: nan, running time: 0:00:27.9
MP-T Epoch [906/1000], Loss: nan, running time: 0:00:27.8
MP-T Epoch [907/1000], Loss: nan, running time: 0:00:28.6
MP-T Epoch [908/1000], Loss: nan, running time: 0:00:27.1
MP-T Epoch [909/1000], Loss: nan, running time: 0:00:26.6
MP-T Epoch [910/1000], Loss: nan, running time: 0:00:26.8
MP-T Epoch [911/1000], Loss: nan, running time: 0:00:27.1
MP-T Epoch [912/1000], Loss: nan, running time: 0:00:26.9
MP-T Epoch [913/1000], Loss: nan, running time: 0:00:27.0
MP-T Epoch [914/1000], Loss: nan, running time: 0:00:27.0
MP-T Epoch [915/1000], Loss: nan, running time: 0:00:27.1
MP-T Epoch [916/1000], Loss: nan, running time: 0:00:27.2
MP-T Epoch [917/1000], Loss: nan, running time: 0:00:27.3
MP-T Epoch [918/1000], Loss: nan, running time: 0:00:27.2
MP-T Epoch [919/1000], Loss: nan, running time: 0:00:27.0
MP-T Epoch [920/1000], Loss: nan, running time: 0:00:27.1
MP-T Epoch [921/1000], Loss: nan, running time: 0:00:27.0
MP-T Epoch [922/1000], Loss: nan, running time: 0:00:26.8
MP-T Epoch [923/1000], Loss: nan, running time: 0:00:27.3
MP-T Epoch [924/1000], Loss: nan, running time: 0:00:26.9
MP-T Epoch [925/1000], Loss: nan, running time: 0:00:27.0
MP-T Epoch [926/1000], Loss: nan, running time: 0:00:27.0
MP-T Epoch [927/1000], Loss: nan, running time: 0:00:27.3
MP-T Epoch [928/1000], Loss: nan, running time: 0:00:27.2
MP-T Epoch [929/1000], Loss: nan, running time: 0:00:26.8
MP-T Epoch [930/1000], Loss: nan, running time: 0:00:26.8
MP-T Epoch [931/1000], Loss: nan, running time: 0:00:27.1
MP-T Epoch [932/1000], Loss: nan, running time: 0:00:27.1
MP-T Epoch [933/1000], Loss: nan, running time: 0:00:27.2
MP-T Epoch [934/1000], Loss: nan, running time: 0:00:27.3
MP-T Epoch [935/1000], Loss: nan, running time: 0:00:27.2
MP-T Epoch [936/1000], Loss: nan, running time: 0:00:27.1
MP-T Epoch [937/1000], Loss: nan, running time: 0:00:27.0
MP-T Epoch [938/1000], Loss: nan, running time: 0:00:26.8
MP-T Epoch [939/1000], Loss: nan, running time: 0:00:26.9
MP-T Epoch [940/1000], Loss: nan, running time: 0:00:27.0
MP-T Epoch [941/1000], Loss: nan, running time: 0:00:27.2
MP-T Epoch [942/1000], Loss: nan, running time: 0:00:27.0
MP-T Epoch [943/1000], Loss: nan, running time: 0:00:27.0
MP-T Epoch [944/1000], Loss: nan, running time: 0:00:27.3
MP-T Epoch [945/1000], Loss: nan, running time: 0:00:27.0
MP-T Epoch [946/1000], Loss: nan, running time: 0:00:27.0
MP-T Epoch [947/1000], Loss: nan, running time: 0:00:27.0
MP-T Epoch [948/1000], Loss: nan, running time: 0:00:26.9
MP-T Epoch [949/1000], Loss: nan, running time: 0:00:27.1
MP-T Epoch [950/1000], Loss: nan, running time: 0:00:27.0
MP-T Epoch [951/1000], Loss: nan, running time: 0:00:27.1
MP-T Epoch [952/1000], Loss: nan, running time: 0:00:26.9
MP-T Epoch [953/1000], Loss: nan, running time: 0:00:26.9
MP-T Epoch [954/1000], Loss: nan, running time: 0:00:26.8
MP-T Epoch [955/1000], Loss: nan, running time: 0:00:26.9
MP-T Epoch [956/1000], Loss: nan, running time: 0:00:26.7
MP-T Epoch [957/1000], Loss: nan, running time: 0:00:26.9
MP-T Epoch [958/1000], Loss: nan, running time: 0:00:27.0
MP-T Epoch [959/1000], Loss: nan, running time: 0:00:26.9
MP-T Epoch [960/1000], Loss: nan, running time: 0:00:27.2
MP-T Epoch [961/1000], Loss: nan, running time: 0:00:27.3
MP-T Epoch [962/1000], Loss: nan, running time: 0:00:27.1
MP-T Epoch [963/1000], Loss: nan, running time: 0:00:26.9
MP-T Epoch [964/1000], Loss: nan, running time: 0:00:27.0
MP-T Epoch [965/1000], Loss: nan, running time: 0:00:26.9
MP-T Epoch [966/1000], Loss: nan, running time: 0:00:26.9
MP-T Epoch [967/1000], Loss: nan, running time: 0:00:26.8
MP-T Epoch [968/1000], Loss: nan, running time: 0:00:27.1
MP-T Epoch [969/1000], Loss: nan, running time: 0:00:26.8
MP-T Epoch [970/1000], Loss: nan, running time: 0:00:27.0
MP-T Epoch [971/1000], Loss: nan, running time: 0:00:27.1
MP-T Epoch [972/1000], Loss: nan, running time: 0:00:26.9
MP-T Epoch [973/1000], Loss: nan, running time: 0:00:26.9
MP-T Epoch [974/1000], Loss: nan, running time: 0:00:27.2
MP-T Epoch [975/1000], Loss: nan, running time: 0:00:27.1
MP-T Epoch [976/1000], Loss: nan, running time: 0:00:27.3
MP-T Epoch [977/1000], Loss: nan, running time: 0:00:27.3
MP-T Epoch [978/1000], Loss: nan, running time: 0:00:27.2
MP-T Epoch [979/1000], Loss: nan, running time: 0:00:27.0
MP-T Epoch [980/1000], Loss: nan, running time: 0:00:27.0
MP-T Epoch [981/1000], Loss: nan, running time: 0:00:27.1
MP-T Epoch [982/1000], Loss: nan, running time: 0:00:27.1
MP-T Epoch [983/1000], Loss: nan, running time: 0:00:27.1
MP-T Epoch [984/1000], Loss: nan, running time: 0:00:26.9
MP-T Epoch [985/1000], Loss: nan, running time: 0:00:26.8
MP-T Epoch [986/1000], Loss: nan, running time: 0:00:27.0
MP-T Epoch [987/1000], Loss: nan, running time: 0:00:27.3
MP-T Epoch [988/1000], Loss: nan, running time: 0:00:27.1
MP-T Epoch [989/1000], Loss: nan, running time: 0:00:27.2
MP-T Epoch [990/1000], Loss: nan, running time: 0:00:26.8
MP-T Epoch [991/1000], Loss: nan, running time: 0:00:27.7
MP-T Epoch [992/1000], Loss: nan, running time: 0:00:27.3
MP-T Epoch [993/1000], Loss: nan, running time: 0:00:26.7
MP-T Epoch [994/1000], Loss: nan, running time: 0:00:27.2
MP-T Epoch [995/1000], Loss: nan, running time: 0:00:26.9
MP-T Epoch [996/1000], Loss: nan, running time: 0:00:27.3
MP-T Epoch [997/1000], Loss: nan, running time: 0:00:26.9
MP-T Epoch [998/1000], Loss: nan, running time: 0:00:27.1
MP-T Epoch [999/1000], Loss: nan, running time: 0:00:26.9
MP-T Epoch [1000/1000], Loss: nan, running time: 0:00:27.2
record checkpoint at: /exafs1/well/rittscher/users/lec468/PanoPath-Project/st-he/models/CLIP_CtxI-ViT16-224-h4_d3_CtxI-ViT16-224-h4_d3[10]2024-05-23[100]2024-05-23[200]2024-05-23[300]2024-05-23[400]2024-05-23[500]2024-05-24[600]2024-05-24[700]2024-05-24[800]2024-05-24[900]2024-05-24[1000]2024-05-24.pth
