extract 9080 spot images in folder: F:/PanoPath-Project\st-he\spot_img\CytAssist_11mm_FFPE_Human_Colorectal_Cancer
extract 10878 spot images in folder: F:/PanoPath-Project\st-he\spot_img\CytAssist_11mm_FFPE_Human_Glioblastoma
extract 5936 spot images in folder: F:/PanoPath-Project\st-he\spot_img\CytAssist_11mm_FFPE_Human_Kidney
extract 6195 spot images in folder: F:/PanoPath-Project\st-he\spot_img\CytAssist_11mm_FFPE_Human_Lung_Cancer
extract 4674 spot images in folder: F:/PanoPath-Project\st-he\spot_img\CytAssist_11mm_FFPE_Human_Ovarian_Carcinoma
extract 3858 spot images in folder: F:/PanoPath-Project\st-he\spot_img\CytAssist_FFPE_Human_Lung_Squamous_Cell_Carcinoma
extract 1657 spot images in folder: F:/PanoPath-Project\st-he\spot_img\CytAssist_Fresh_Frozen_Human_Breast_Cancer
extract 4226 spot images in folder: F:/PanoPath-Project\st-he\spot_img\DLPFC_151507
extract 4383 spot images in folder: F:/PanoPath-Project\st-he\spot_img\DLPFC_151508
extract 4787 spot images in folder: F:/PanoPath-Project\st-he\spot_img\DLPFC_151509
extract 4634 spot images in folder: F:/PanoPath-Project\st-he\spot_img\DLPFC_151510
extract 3662 spot images in folder: F:/PanoPath-Project\st-he\spot_img\DLPFC_151669
extract 3499 spot images in folder: F:/PanoPath-Project\st-he\spot_img\DLPFC_151670
extract 4111 spot images in folder: F:/PanoPath-Project\st-he\spot_img\DLPFC_151671
extract 4021 spot images in folder: F:/PanoPath-Project\st-he\spot_img\DLPFC_151672
extract 3641 spot images in folder: F:/PanoPath-Project\st-he\spot_img\DLPFC_151673
extract 3672 spot images in folder: F:/PanoPath-Project\st-he\spot_img\DLPFC_151674
extract 3592 spot images in folder: F:/PanoPath-Project\st-he\spot_img\DLPFC_151675
extract 3459 spot images in folder: F:/PanoPath-Project\st-he\spot_img\DLPFC_151676
extract 4325 spot images in folder: F:/PanoPath-Project\st-he\spot_img\Parent_Visium_Human_BreastCancer
extract 3138 spot images in folder: F:/PanoPath-Project\st-he\spot_img\Parent_Visium_Human_ColorectalCancer
extract 3468 spot images in folder: F:/PanoPath-Project\st-he\spot_img\Parent_Visium_Human_Glioblastoma
extract 3813 spot images in folder: F:/PanoPath-Project\st-he\spot_img\V1_Breast_Cancer_Block_A_Section_1
extract 3987 spot images in folder: F:/PanoPath-Project\st-he\spot_img\V1_Breast_Cancer_Block_A_Section_2
extract 4035 spot images in folder: F:/PanoPath-Project\st-he\spot_img\V1_Human_Lymph_Node
extract 2781 spot images in folder: F:/PanoPath-Project\st-he\spot_img\Visium_FFPE_Human_Cervical_Cancer
extract 2660 spot images in folder: F:/PanoPath-Project\st-he\spot_img\Visium_FFPE_Human_Intestinal_Cancer
extract 3455 spot images in folder: F:/PanoPath-Project\st-he\spot_img\Visium_FFPE_Human_Ovarian_Cancer
extract 3043 spot images in folder: F:/PanoPath-Project\st-he\spot_img\Visium_FFPE_Human_Prostate_Acinar_Cell_Carcinoma
extract 4898 spot images in folder: F:/PanoPath-Project\st-he\spot_img\Visium_Human_Breast_Cancer
