with filtered matrix shape as (nb_spots, nb_genes): (9080, 1000)
barcodes: 
['AACAATCCGAGTGGAC-1' 'AACAATGGAACCACAT-1' 'AACAATTATCTGCGCC-1' ...
 'TGTTGGTGCGCTTCGC-1' 'TGTTGGTGCGGAATCA-1' 'TGTTGGTGGACTCAGG-1']
top variable gene_idx names number: 
1000
[ 8983  2898  4907  1159  5868  2310  3833 10369  9851  2215  9016  5306
 18025  8326  6527  9615 13647  5102  5389  4618  4555 15231 15460  1720
 17225 17113 11907  2041 10780 13934 17378  2930   645 10488   369  6981
 12804  4784 15544  2520  6593 12602  6891   482 14903  6348 14251 17667
  8981  5211  3141 10562 12746  4812   990  1754 13919 15078 16700  9277
  4152  4272  8237 15595 17149   113  7298 11155 16350 12963  4741 12492
 11338  8659 10487  6595  8265  3853 13977 10720 14724 15567  6258 10580
  8450  9541  4713 16027 15330 15204  2822 13358 12536   686 12811 16594
  6719 16997 12377 11409  6567 15427 10657 17104  8012 10574  1296 14640
  1371 11932  4967  5475 11176 11588   633 14745   497 11289 16623  4756
  5131 12729   225  9970   875  7299  2768  4201  9687  6912 11952  1328
 10097 11722  3003  9533  7688 17410  1633 17266  4112  3706   896 13091
 14826 15090  3448  8180  7679 12072 12950 10766  1707 11593  7690  6569
 17525 17664  4090 14084  3993  3633 17245 14973  9842  7167 10860  4937
 14866  5317 10078   292  6056  4047  9594  7433  1503  6624 17018 17791
 12594  9924  8172 10723   612  3391  6739  5558  3722 16618  1504  4700
  3938  3286 12506  4357 13648 16672 14097 14380  1228  9544  6939  3089
  6343  8868  1686 11772  7007  6771  4150 10056  9216  7610 12480 17856
   320 12503  6638  9518   693 15642  8403  8083 17714 10191  2690  5308
 11280   327 16824  6911  9262  8207  6177  3368  1491  3777 10141  6984
 12615   660  7794  4780  6765  5858  8359   227  6889 14911  9273   262
 11362 10038 14621  6663 17210  8837   579  9343 14240  1479  8967 11494
  3906 10393  3474 14596 16688 16631  5529  1718  8449  8946 17343 13772
 13600  6851 14585  7115 16846  7431  8652 12056  1158  6532   391 11038
  9381 11041  6860 11089 15519  6706  9394  3897  3652  4695  5793 17547
 18012 10209 14730  6534   416  9037 11818   672 12790 14488 11063 15531
  8632  8894 16361  1331  8308  5608 11708 12429 17438  5807  9246  1043
 13116 13459  9113 15012 10044 15506 14377  3694  4682 16418 14981  7027
 11709  7462  3404 14478  2839 16911  2022  7002 11968  3462  1382  3964
  2685  1143  8398  5763 14637  6649  1497 16373  7295 14350 15112 14355
  5760  9904 13879  5688  8360 12508  6433 12054 16475  1309  9621  2910
  2922  2635 10779  6325 12431  7227  4060  2038  2744 12303 16349 11995
 16613 13352   263 13207  2622 12060  5624  2097  8642 16275  7484  9219
 10195  6698  3399 15680 17513 11075  8827  5526  1985 14813 15968  2489
 13000  6977 16874  4917  6886 11735  3615  8759   839 16527 13899 14440
  1500 10085 12715  9257   761  9642  5641 11801  4527  9779 12040 11467
 10338 10987 17492 12136 12564  9624  7476  3831 11497 10995  4444 11826
 10366  5492 14593  1243 16537  7289  6592  4236  6815  6966 15084  3734
 11566 14833 17239  4583 13748  5532 15156  2977   205  4315 17076  2169
  1675  6235   114   333 16766  6864 17911 14382 15214 14282 10849  7675
 13906  4481  6683 13078  5842  5135  7569  6816 14607 16671 10581  1549
  4776  1574 10726  5313 11181  3893 12304    13   211 13301 14239 12566
  1149 10522  3941 14706  6618  8995 10901 14473  9202  3284 15550  6744
 11343  6945 16101   267  8054  9152 12918   240  3152  7518 14681 13374
  1369  3674 15299  7599  7099 16683 11199  6789 13083  4742 16482  2201
 14522  7132  3684 14854 14656  6669 11661  5210  4942 13098  8992  3211
 15715  3691 17938 16320 15120  4350 13963 16004  4318  6803  6566 12930
  4969 14292 12195   261  1789   970  3683  6865  5426 11683 12471 10685
  7377 15779   264 15728 13444  1172 17050 16855  9674  5122  6100  1607
 13261  6798  8870   785 11270  1370 10575 15016 14846   578  5874 14217
  9361  9169 12284  2570  5092  4466 11905  5233  3692  8093 14575 11122
  4952  1813  7694  8911 17138   696   813  2878 17495 11098 17846 14059
  5023  5165  2110   174 12592 16645   866   724   377  3022  6553 15647
 11799 12041  9626 10675  3851  2552 16322  7000 10824  6042  4385  5022
  9607 18041 12773 14769 11572 16852  2985 12473 13854  8277  5049   402
  5592  8065  6475 16271 16274  8904  7758 16669  7530 10083 13767  4086
 12555  9609  4159   750 10109  8887    41 15646 11974 13557  6207  5673
  1925 12160 11114 14975  9893  1213  6429  7785 14928   593 13872 14376
 10790  1899  2253   794 10637 13134 16494  3802  5188  4732 15015  2205
 11401  5216  6915  6961 17024 10455  6018 17872  5166 10983  2297  1832
 17433  8860  1915  7517  2733  1012 14870  6903  9032  6969 13167 10473
  7725 11717  3402  7111  5680 11542 15894  6747   226  6528  3317  9673
  5530  5509 15225  9350 11855   959 16459 13715  7595  4458  6792 13431
  6570  4168  7531  7567 15223 15428  3766 10612 15297 12580    26  1688
  6793  4042 14542  6466  4059  4410  6523 14098 13293  6892  2343  6697
  9349 11689  3944 15282  2699  1637  9781  9918 13446  1472 14969  5194
 12320  6783  4623  5902  6588  6501  2128 14070  8016   992  1920  6299
  9629  8900  1716 17422  4384  9764  5019  4532  7140  8778  8839  9990
 15442  6890  8536 15895 17165 15421 12328 15287 16920  5811 11716 15630
  9163 14437  3326  6306 14794 13857  1087  2732  2103  6148  3436  5563
   786  3768  5678  4008  7873 14595  6470 18075 11064  1954  3154  7627
 11154 16400  9092  6467  5891  1218 12905  5354 13624  5128 18002  9298
 11643  4105  5671 14096 17021  6973  3301 10659 17122 14455  8756 11352
 11785  4753  8451  6709 10486  5635  4683  5589   525 14943  9213  4367
  1725  4273 14861  5561  2938  2659  4145 10704 11328  6935 10340 10254
 12396  7514  2632 10055  1556 16921   942 11005 11153 12270  5989 17059
  9048 14356  2984 17440  1922  6746 11990 14624 13569  6608  5995  6550
 12325   403  6339 15437  6643  8905  6607 13700    97  5549 14774 17522
 12483  2785  8015 12329 13771   884  7648  5359 10410  9879 15681 15811
 16758 12655  9869 17004  6749  5669 18082 12573  8700  9348 15935  1395
  9347  7347 15055 10900 16805  2823 15009  1626  5702 18074  6193  7713
 11086  2289 15645 10545  2282 12407  5377  6568 18083  2129  6522 18079
 18084  6883  4417   233 17381 18080 18081  2698 18076  1138 12327 14336
 18077 18078 12326  2326]
with filtered matrix shape as (nb_spots, nb_genes): (9080, 1000)
barcodes: 
['AACAATCCGAGTGGAC-1' 'AACAATGGAACCACAT-1' 'AACAATTATCTGCGCC-1' ...
 'TGTTGGTGCGCTTCGC-1' 'TGTTGGTGCGGAATCA-1' 'TGTTGGTGGACTCAGG-1']
top variable gene_idx names number: 
1000
